Determining if files linux/exmap.h exist failed with the following output:
Change Dir: /home/lbh/git/LeanStoreOOPW/build/CMakeFiles/CMakeScratch/TryCompile-VPWcF2

Run Build Command(s):/usr/bin/gmake -f Makefile cmTC_61f74/fast && /usr/bin/gmake  -f CMakeFiles/cmTC_61f74.dir/build.make CMakeFiles/cmTC_61f74.dir/build
gmake[1]: Entering directory '/home/lbh/git/LeanStoreOOPW/build/CMakeFiles/CMakeScratch/TryCompile-VPWcF2'
Building CXX object CMakeFiles/cmTC_61f74.dir/HAVE_LINUX_EXMAP.cpp.o
/usr/bin/c++   -fPIC -Wno-stringop-overflow -msse4 -msha  -std=gnu++20 -o CMakeFiles/cmTC_61f74.dir/HAVE_LINUX_EXMAP.cpp.o -c /home/lbh/git/LeanStoreOOPW/build/CMakeFiles/CMakeScratch/TryCompile-VPWcF2/HAVE_LINUX_EXMAP.cpp
In file included from /home/lbh/git/LeanStoreOOPW/build/CMakeFiles/CMakeScratch/TryCompile-VPWcF2/HAVE_LINUX_EXMAP.cpp:2:
/usr/include/linux/exmap.h:8:9: error: ‘uint16_t’ does not name a type
    8 |         uint16_t interface;
      |         ^~~~~~~~
/usr/include/linux/exmap.h:4:1: note: ‘uint16_t’ is defined in header ‘<cstdint>’; did you forget to ‘#include <cstdint>’?
    3 | #include <linux/types.h>
  +++ |+#include <cstdint>
    4 | 
/usr/include/linux/exmap.h:9:9: error: ‘uint16_t’ does not name a type
    9 |         uint16_t iov_len;
      |         ^~~~~~~~
/usr/include/linux/exmap.h:9:9: note: ‘uint16_t’ is defined in header ‘<cstdint>’; did you forget to ‘#include <cstdint>’?
/usr/include/linux/exmap.h:10:9: error: ‘uint16_t’ does not name a type
   10 |         uint16_t opcode; // exmap_opcode
      |         ^~~~~~~~
/usr/include/linux/exmap.h:10:9: note: ‘uint16_t’ is defined in header ‘<cstdint>’; did you forget to ‘#include <cstdint>’?
/usr/include/linux/exmap.h:12:17: error: ‘uint64_t’ does not name a type
   12 |                 uint64_t page_id;       // user page to alias to
      |                 ^~~~~~~~
/usr/include/linux/exmap.h:12:17: note: ‘uint64_t’ is defined in header ‘<cstdint>’; did you forget to ‘#include <cstdint>’?
/usr/include/linux/exmap.h:13:17: error: ‘uint64_t’ does not name a type
   13 |                 uint64_t flags;         // exmap_flags
      |                 ^~~~~~~~
/usr/include/linux/exmap.h:13:17: note: ‘uint64_t’ is defined in header ‘<cstdint>’; did you forget to ‘#include <cstdint>’?
/usr/include/linux/exmap.h:22:9: error: ‘size_t’ does not name a type
   22 |         size_t buffer_size;
      |         ^~~~~~
/usr/include/linux/exmap.h:4:1: note: ‘size_t’ is defined in header ‘<cstddef>’; did you forget to ‘#include <cstddef>’?
    3 | #include <linux/types.h>
  +++ |+#include <cstddef>
    4 | 
/usr/include/linux/exmap.h:23:9: error: ‘uint64_t’ does not name a type
   23 |         uint64_t flags;
      |         ^~~~~~~~
/usr/include/linux/exmap.h:23:9: note: ‘uint64_t’ is defined in header ‘<cstdint>’; did you forget to ‘#include <cstdint>’?
/usr/include/linux/exmap.h:34:17: error: ‘uint64_t’ does not name a type
   34 |                 uint64_t value;
      |                 ^~~~~~~~
/usr/include/linux/exmap.h:34:17: note: ‘uint64_t’ is defined in header ‘<cstdint>’; did you forget to ‘#include <cstdint>’?
/usr/include/linux/exmap.h:36:25: error: ‘uint64_t’ does not name a type
   36 |                         uint64_t page   : 64 - EXMAP_PAGE_LEN_BITS;
      |                         ^~~~~~~~
/usr/include/linux/exmap.h:36:25: note: ‘uint64_t’ is defined in header ‘<cstdint>’; did you forget to ‘#include <cstdint>’?
/usr/include/linux/exmap.h:37:25: error: ‘uint64_t’ does not name a type
   37 |                         uint64_t len    : EXMAP_PAGE_LEN_BITS;
      |                         ^~~~~~~~
/usr/include/linux/exmap.h:37:25: note: ‘uint64_t’ is defined in header ‘<cstdint>’; did you forget to ‘#include <cstdint>’?
/usr/include/linux/exmap.h:40:25: error: ‘int32_t’ does not name a type
   40 |                         int32_t   res;
      |                         ^~~~~~~
/usr/include/linux/exmap.h:40:25: note: ‘int32_t’ is defined in header ‘<cstdint>’; did you forget to ‘#include <cstdint>’?
/usr/include/linux/exmap.h:41:25: error: ‘int16_t’ does not name a type
   41 |                         int16_t   pages;
      |                         ^~~~~~~
/usr/include/linux/exmap.h:41:25: note: ‘int16_t’ is defined in header ‘<cstdint>’; did you forget to ‘#include <cstdint>’?
/usr/include/linux/exmap.h:44:25: error: ‘int16_t’ does not name a type
   44 |                         int16_t victim;
      |                         ^~~~~~~
/usr/include/linux/exmap.h:44:25: note: ‘int16_t’ is defined in header ‘<cstdint>’; did you forget to ‘#include <cstdint>’?
/usr/include/linux/exmap.h:45:25: error: ‘int16_t’ does not name a type
   45 |                         int16_t robber;
      |                         ^~~~~~~
/usr/include/linux/exmap.h:45:25: note: ‘int16_t’ is defined in header ‘<cstdint>’; did you forget to ‘#include <cstdint>’?
/usr/include/linux/exmap.h:46:25: error: ‘uint32_t’ does not name a type
   46 |                         uint32_t count;
      |                         ^~~~~~~~
/usr/include/linux/exmap.h:46:25: note: ‘uint32_t’ is defined in header ‘<cstdint>’; did you forget to ‘#include <cstdint>’?
/usr/include/linux/exmap.h:53:1: error: narrowing conversion of ‘-1’ from ‘int’ to ‘long unsigned int’ [-Wnarrowing]
   53 | STATIC_ASSERT(sizeof(struct exmap_iov) == 8, exmap_iov);
      | ^~~~~~~~~~~~~
/usr/include/linux/exmap.h:53:1: error: size ‘-1’ of array ‘static_assertion_exmap_iov’ is negative
   53 | STATIC_ASSERT(sizeof(struct exmap_iov) == 8, exmap_iov);
      | ^~~~~~~~~~~~~
/usr/include/linux/exmap.h:61:1: error: narrowing conversion of ‘-1’ from ‘int’ to ‘long unsigned int’ [-Wnarrowing]
   61 | STATIC_ASSERT(sizeof(struct exmap_user_interface) == 4096, exmap_user_interface);
      | ^~~~~~~~~~~~~
/usr/include/linux/exmap.h:61:1: error: size ‘-1’ of array ‘static_assertion_exmap_user_interface’ is negative
   61 | STATIC_ASSERT(sizeof(struct exmap_user_interface) == 4096, exmap_user_interface);
      | ^~~~~~~~~~~~~
gmake[1]: *** [CMakeFiles/cmTC_61f74.dir/build.make:78: CMakeFiles/cmTC_61f74.dir/HAVE_LINUX_EXMAP.cpp.o] Error 1
gmake[1]: Leaving directory '/home/lbh/git/LeanStoreOOPW/build/CMakeFiles/CMakeScratch/TryCompile-VPWcF2'
gmake: *** [Makefile:127: cmTC_61f74/fast] Error 2


Source:
/* */
#include <linux/exmap.h>


int main(void){return 0;}

